<?xml version="1.0" encoding="UTF-8"?>
<testng-results skipped="0" failed="0" ignored="0" total="1" passed="1">
  <reporter-output>
  </reporter-output>
  <suite name="Default suite" duration-ms="12475" started-at="2020-09-12T18:46:36 PDT" finished-at="2020-09-12T18:46:49 PDT">
    <groups>
    </groups>
    <test name="Default test" duration-ms="12475" started-at="2020-09-12T18:46:36 PDT" finished-at="2020-09-12T18:46:49 PDT">
      <class name="com.yahoo.TestCases.VerfiyYahooLoginTCFinal">
        <test-method status="PASS" signature="setUp()[pri:0, instance:com.yahoo.TestCases.VerfiyYahooLoginTCFinal@2d6eabae]" name="setUp" is-config="true" duration-ms="4298" started-at="2020-09-12T18:46:36 PDT" finished-at="2020-09-12T18:46:40 PDT">
          <reporter-output>
          </reporter-output>
        </test-method> <!-- setUp -->
        <test-method status="PASS" signature="validYahooLogin()[pri:0, instance:com.yahoo.TestCases.VerfiyYahooLoginTCFinal@2d6eabae]" name="validYahooLogin" duration-ms="8044" started-at="2020-09-12T18:46:40 PDT" finished-at="2020-09-12T18:46:48 PDT">
          <reporter-output>
          </reporter-output>
        </test-method> <!-- validYahooLogin -->
        <test-method status="PASS" signature="tearDown()[pri:0, instance:com.yahoo.TestCases.VerfiyYahooLoginTCFinal@2d6eabae]" name="tearDown" is-config="true" duration-ms="100" started-at="2020-09-12T18:46:48 PDT" finished-at="2020-09-12T18:46:49 PDT">
          <reporter-output>
          </reporter-output>
        </test-method> <!-- tearDown -->
      </class> <!-- com.yahoo.TestCases.VerfiyYahooLoginTCFinal -->
    </test> <!-- Default test -->
  </suite> <!-- Default suite -->
</testng-results>
